Determining if the pthread_create exist failed with the following output:
Change Dir: /home/pi/catkin_ws/build_isolated/visualization_msgs/CMakeFiles/CMakeTmp

Run Build Command:"/usr/bin/make" "cmTC_37f4c/fast"
/usr/bin/make -f CMakeFiles/cmTC_37f4c.dir/build.make CMakeFiles/cmTC_37f4c.dir/build
make[1]: ディレクトリ '/home/pi/catkin_ws/build_isolated/visualization_msgs/CMakeFiles/CMakeTmp' に入ります
Building C object CMakeFiles/cmTC_37f4c.dir/CheckSymbolExists.c.o
/usr/bin/cc     -o CMakeFiles/cmTC_37f4c.dir/CheckSymbolExists.c.o   -c /home/pi/catkin_ws/build_isolated/visualization_msgs/CMakeFiles/CMakeTmp/CheckSymbolExists.c
Linking C executable cmTC_37f4c
/usr/bin/cmake -E cmake_link_script CMakeFiles/cmTC_37f4c.dir/link.txt --verbose=1
/usr/bin/cc       CMakeFiles/cmTC_37f4c.dir/CheckSymbolExists.c.o  -o cmTC_37f4c -rdynamic 
CMakeFiles/cmTC_37f4c.dir/CheckSymbolExists.c.o: 関数 `main' 内:
CheckSymbolExists.c:(.text+0x38): `pthread_create' に対する定義されていない参照です
collect2: error: ld returned 1 exit status
CMakeFiles/cmTC_37f4c.dir/build.make:97: ターゲット 'cmTC_37f4c' のレシピで失敗しました
make[1]: *** [cmTC_37f4c] エラー 1
make[1]: ディレクトリ '/home/pi/catkin_ws/build_isolated/visualization_msgs/CMakeFiles/CMakeTmp' から出ます
Makefile:126: ターゲット 'cmTC_37f4c/fast' のレシピで失敗しました
make: *** [cmTC_37f4c/fast] エラー 2

File /home/pi/catkin_ws/build_isolated/visualization_msgs/CMakeFiles/CMakeTmp/CheckSymbolExists.c:
/* */
#include <pthread.h>

int main(int argc, char** argv)
{
  (void)argv;
#ifndef pthread_create
  return ((int*)(&pthread_create))[argc];
#else
  (void)argc;
  return 0;
#endif
}

Determining if the function pthread_create exists in the pthreads failed with the following output:
Change Dir: /home/pi/catkin_ws/build_isolated/visualization_msgs/CMakeFiles/CMakeTmp

Run Build Command:"/usr/bin/make" "cmTC_b823c/fast"
/usr/bin/make -f CMakeFiles/cmTC_b823c.dir/build.make CMakeFiles/cmTC_b823c.dir/build
make[1]: ディレクトリ '/home/pi/catkin_ws/build_isolated/visualization_msgs/CMakeFiles/CMakeTmp' に入ります
Building C object CMakeFiles/cmTC_b823c.dir/CheckFunctionExists.c.o
/usr/bin/cc    -DCHECK_FUNCTION_EXISTS=pthread_create   -o CMakeFiles/cmTC_b823c.dir/CheckFunctionExists.c.o   -c /usr/share/cmake-3.7/Modules/CheckFunctionExists.c
Linking C executable cmTC_b823c
/usr/bin/cmake -E cmake_link_script CMakeFiles/cmTC_b823c.dir/link.txt --verbose=1
/usr/bin/cc   -DCHECK_FUNCTION_EXISTS=pthread_create    CMakeFiles/cmTC_b823c.dir/CheckFunctionExists.c.o  -o cmTC_b823c -rdynamic -lpthreads 
/usr/bin/ld: -lpthreads が見つかりません
collect2: error: ld returned 1 exit status
CMakeFiles/cmTC_b823c.dir/build.make:97: ターゲット 'cmTC_b823c' のレシピで失敗しました
make[1]: *** [cmTC_b823c] エラー 1
make[1]: ディレクトリ '/home/pi/catkin_ws/build_isolated/visualization_msgs/CMakeFiles/CMakeTmp' から出ます
Makefile:126: ターゲット 'cmTC_b823c/fast' のレシピで失敗しました
make: *** [cmTC_b823c/fast] エラー 2


