Determining if the pthread_create exist failed with the following output:
Change Dir: /home/pi/catkin_ws/build_isolated/rosmake/CMakeFiles/CMakeTmp

Run Build Command:"/usr/bin/make" "cmTC_05151/fast"
/usr/bin/make -f CMakeFiles/cmTC_05151.dir/build.make CMakeFiles/cmTC_05151.dir/build
make[1]: ディレクトリ '/home/pi/catkin_ws/build_isolated/rosmake/CMakeFiles/CMakeTmp' に入ります
Building C object CMakeFiles/cmTC_05151.dir/CheckSymbolExists.c.o
/usr/bin/cc     -o CMakeFiles/cmTC_05151.dir/CheckSymbolExists.c.o   -c /home/pi/catkin_ws/build_isolated/rosmake/CMakeFiles/CMakeTmp/CheckSymbolExists.c
Linking C executable cmTC_05151
/usr/bin/cmake -E cmake_link_script CMakeFiles/cmTC_05151.dir/link.txt --verbose=1
/usr/bin/cc       CMakeFiles/cmTC_05151.dir/CheckSymbolExists.c.o  -o cmTC_05151 -rdynamic 
CMakeFiles/cmTC_05151.dir/CheckSymbolExists.c.o: 関数 `main' 内:
CheckSymbolExists.c:(.text+0x38): `pthread_create' に対する定義されていない参照です
collect2: error: ld returned 1 exit status
CMakeFiles/cmTC_05151.dir/build.make:97: ターゲット 'cmTC_05151' のレシピで失敗しました
make[1]: *** [cmTC_05151] エラー 1
make[1]: ディレクトリ '/home/pi/catkin_ws/build_isolated/rosmake/CMakeFiles/CMakeTmp' から出ます
Makefile:126: ターゲット 'cmTC_05151/fast' のレシピで失敗しました
make: *** [cmTC_05151/fast] エラー 2

File /home/pi/catkin_ws/build_isolated/rosmake/CMakeFiles/CMakeTmp/CheckSymbolExists.c:
/* */
#include <pthread.h>

int main(int argc, char** argv)
{
  (void)argv;
#ifndef pthread_create
  return ((int*)(&pthread_create))[argc];
#else
  (void)argc;
  return 0;
#endif
}

Determining if the function pthread_create exists in the pthreads failed with the following output:
Change Dir: /home/pi/catkin_ws/build_isolated/rosmake/CMakeFiles/CMakeTmp

Run Build Command:"/usr/bin/make" "cmTC_1545a/fast"
/usr/bin/make -f CMakeFiles/cmTC_1545a.dir/build.make CMakeFiles/cmTC_1545a.dir/build
make[1]: ディレクトリ '/home/pi/catkin_ws/build_isolated/rosmake/CMakeFiles/CMakeTmp' に入ります
Building C object CMakeFiles/cmTC_1545a.dir/CheckFunctionExists.c.o
/usr/bin/cc    -DCHECK_FUNCTION_EXISTS=pthread_create   -o CMakeFiles/cmTC_1545a.dir/CheckFunctionExists.c.o   -c /usr/share/cmake-3.7/Modules/CheckFunctionExists.c
Linking C executable cmTC_1545a
/usr/bin/cmake -E cmake_link_script CMakeFiles/cmTC_1545a.dir/link.txt --verbose=1
/usr/bin/cc   -DCHECK_FUNCTION_EXISTS=pthread_create    CMakeFiles/cmTC_1545a.dir/CheckFunctionExists.c.o  -o cmTC_1545a -rdynamic -lpthreads 
/usr/bin/ld: -lpthreads が見つかりません
collect2: error: ld returned 1 exit status
CMakeFiles/cmTC_1545a.dir/build.make:97: ターゲット 'cmTC_1545a' のレシピで失敗しました
make[1]: *** [cmTC_1545a] エラー 1
make[1]: ディレクトリ '/home/pi/catkin_ws/build_isolated/rosmake/CMakeFiles/CMakeTmp' から出ます
Makefile:126: ターゲット 'cmTC_1545a/fast' のレシピで失敗しました
make: *** [cmTC_1545a/fast] エラー 2


