Determining if the pthread_create exist failed with the following output:
Change Dir: /home/pi/catkin_ws/build_isolated/roslib/CMakeFiles/CMakeTmp

Run Build Command:"/usr/bin/make" "cmTC_a16de/fast"
/usr/bin/make -f CMakeFiles/cmTC_a16de.dir/build.make CMakeFiles/cmTC_a16de.dir/build
make[1]: ディレクトリ '/home/pi/catkin_ws/build_isolated/roslib/CMakeFiles/CMakeTmp' に入ります
Building C object CMakeFiles/cmTC_a16de.dir/CheckSymbolExists.c.o
/usr/bin/cc     -o CMakeFiles/cmTC_a16de.dir/CheckSymbolExists.c.o   -c /home/pi/catkin_ws/build_isolated/roslib/CMakeFiles/CMakeTmp/CheckSymbolExists.c
Linking C executable cmTC_a16de
/usr/bin/cmake -E cmake_link_script CMakeFiles/cmTC_a16de.dir/link.txt --verbose=1
/usr/bin/cc       CMakeFiles/cmTC_a16de.dir/CheckSymbolExists.c.o  -o cmTC_a16de -rdynamic 
CMakeFiles/cmTC_a16de.dir/CheckSymbolExists.c.o: 関数 `main' 内:
CheckSymbolExists.c:(.text+0x38): `pthread_create' に対する定義されていない参照です
collect2: error: ld returned 1 exit status
CMakeFiles/cmTC_a16de.dir/build.make:97: ターゲット 'cmTC_a16de' のレシピで失敗しました
make[1]: *** [cmTC_a16de] エラー 1
make[1]: ディレクトリ '/home/pi/catkin_ws/build_isolated/roslib/CMakeFiles/CMakeTmp' から出ます
Makefile:126: ターゲット 'cmTC_a16de/fast' のレシピで失敗しました
make: *** [cmTC_a16de/fast] エラー 2

File /home/pi/catkin_ws/build_isolated/roslib/CMakeFiles/CMakeTmp/CheckSymbolExists.c:
/* */
#include <pthread.h>

int main(int argc, char** argv)
{
  (void)argv;
#ifndef pthread_create
  return ((int*)(&pthread_create))[argc];
#else
  (void)argc;
  return 0;
#endif
}

Determining if the function pthread_create exists in the pthreads failed with the following output:
Change Dir: /home/pi/catkin_ws/build_isolated/roslib/CMakeFiles/CMakeTmp

Run Build Command:"/usr/bin/make" "cmTC_2f61a/fast"
/usr/bin/make -f CMakeFiles/cmTC_2f61a.dir/build.make CMakeFiles/cmTC_2f61a.dir/build
make[1]: ディレクトリ '/home/pi/catkin_ws/build_isolated/roslib/CMakeFiles/CMakeTmp' に入ります
Building C object CMakeFiles/cmTC_2f61a.dir/CheckFunctionExists.c.o
/usr/bin/cc    -DCHECK_FUNCTION_EXISTS=pthread_create   -o CMakeFiles/cmTC_2f61a.dir/CheckFunctionExists.c.o   -c /usr/share/cmake-3.7/Modules/CheckFunctionExists.c
Linking C executable cmTC_2f61a
/usr/bin/cmake -E cmake_link_script CMakeFiles/cmTC_2f61a.dir/link.txt --verbose=1
/usr/bin/cc   -DCHECK_FUNCTION_EXISTS=pthread_create    CMakeFiles/cmTC_2f61a.dir/CheckFunctionExists.c.o  -o cmTC_2f61a -rdynamic -lpthreads 
/usr/bin/ld: -lpthreads が見つかりません
collect2: error: ld returned 1 exit status
CMakeFiles/cmTC_2f61a.dir/build.make:97: ターゲット 'cmTC_2f61a' のレシピで失敗しました
make[1]: *** [cmTC_2f61a] エラー 1
make[1]: ディレクトリ '/home/pi/catkin_ws/build_isolated/roslib/CMakeFiles/CMakeTmp' から出ます
Makefile:126: ターゲット 'cmTC_2f61a/fast' のレシピで失敗しました
make: *** [cmTC_2f61a/fast] エラー 2


