Determining if the pthread_create exist failed with the following output:
Change Dir: /home/pi/catkin_ws/build_isolated/rosbuild/CMakeFiles/CMakeTmp

Run Build Command:"/usr/bin/make" "cmTC_81216/fast"
/usr/bin/make -f CMakeFiles/cmTC_81216.dir/build.make CMakeFiles/cmTC_81216.dir/build
make[1]: ディレクトリ '/home/pi/catkin_ws/build_isolated/rosbuild/CMakeFiles/CMakeTmp' に入ります
Building C object CMakeFiles/cmTC_81216.dir/CheckSymbolExists.c.o
/usr/bin/cc     -o CMakeFiles/cmTC_81216.dir/CheckSymbolExists.c.o   -c /home/pi/catkin_ws/build_isolated/rosbuild/CMakeFiles/CMakeTmp/CheckSymbolExists.c
Linking C executable cmTC_81216
/usr/bin/cmake -E cmake_link_script CMakeFiles/cmTC_81216.dir/link.txt --verbose=1
/usr/bin/cc       CMakeFiles/cmTC_81216.dir/CheckSymbolExists.c.o  -o cmTC_81216 -rdynamic 
CMakeFiles/cmTC_81216.dir/CheckSymbolExists.c.o: 関数 `main' 内:
CheckSymbolExists.c:(.text+0x38): `pthread_create' に対する定義されていない参照です
collect2: error: ld returned 1 exit status
CMakeFiles/cmTC_81216.dir/build.make:97: ターゲット 'cmTC_81216' のレシピで失敗しました
make[1]: *** [cmTC_81216] エラー 1
make[1]: ディレクトリ '/home/pi/catkin_ws/build_isolated/rosbuild/CMakeFiles/CMakeTmp' から出ます
Makefile:126: ターゲット 'cmTC_81216/fast' のレシピで失敗しました
make: *** [cmTC_81216/fast] エラー 2

File /home/pi/catkin_ws/build_isolated/rosbuild/CMakeFiles/CMakeTmp/CheckSymbolExists.c:
/* */
#include <pthread.h>

int main(int argc, char** argv)
{
  (void)argv;
#ifndef pthread_create
  return ((int*)(&pthread_create))[argc];
#else
  (void)argc;
  return 0;
#endif
}

Determining if the function pthread_create exists in the pthreads failed with the following output:
Change Dir: /home/pi/catkin_ws/build_isolated/rosbuild/CMakeFiles/CMakeTmp

Run Build Command:"/usr/bin/make" "cmTC_46377/fast"
/usr/bin/make -f CMakeFiles/cmTC_46377.dir/build.make CMakeFiles/cmTC_46377.dir/build
make[1]: ディレクトリ '/home/pi/catkin_ws/build_isolated/rosbuild/CMakeFiles/CMakeTmp' に入ります
Building C object CMakeFiles/cmTC_46377.dir/CheckFunctionExists.c.o
/usr/bin/cc    -DCHECK_FUNCTION_EXISTS=pthread_create   -o CMakeFiles/cmTC_46377.dir/CheckFunctionExists.c.o   -c /usr/share/cmake-3.7/Modules/CheckFunctionExists.c
Linking C executable cmTC_46377
/usr/bin/cmake -E cmake_link_script CMakeFiles/cmTC_46377.dir/link.txt --verbose=1
/usr/bin/cc   -DCHECK_FUNCTION_EXISTS=pthread_create    CMakeFiles/cmTC_46377.dir/CheckFunctionExists.c.o  -o cmTC_46377 -rdynamic -lpthreads 
/usr/bin/ld: -lpthreads が見つかりません
collect2: error: ld returned 1 exit status
CMakeFiles/cmTC_46377.dir/build.make:97: ターゲット 'cmTC_46377' のレシピで失敗しました
make[1]: *** [cmTC_46377] エラー 1
make[1]: ディレクトリ '/home/pi/catkin_ws/build_isolated/rosbuild/CMakeFiles/CMakeTmp' から出ます
Makefile:126: ターゲット 'cmTC_46377/fast' のレシピで失敗しました
make: *** [cmTC_46377/fast] エラー 2


