Determining if the pthread_create exist failed with the following output:
Change Dir: /home/pi/catkin_ws/build_isolated/mk/CMakeFiles/CMakeTmp

Run Build Command:"/usr/bin/make" "cmTC_54d5b/fast"
/usr/bin/make -f CMakeFiles/cmTC_54d5b.dir/build.make CMakeFiles/cmTC_54d5b.dir/build
make[1]: ディレクトリ '/home/pi/catkin_ws/build_isolated/mk/CMakeFiles/CMakeTmp' に入ります
Building C object CMakeFiles/cmTC_54d5b.dir/CheckSymbolExists.c.o
/usr/bin/cc     -o CMakeFiles/cmTC_54d5b.dir/CheckSymbolExists.c.o   -c /home/pi/catkin_ws/build_isolated/mk/CMakeFiles/CMakeTmp/CheckSymbolExists.c
Linking C executable cmTC_54d5b
/usr/bin/cmake -E cmake_link_script CMakeFiles/cmTC_54d5b.dir/link.txt --verbose=1
/usr/bin/cc       CMakeFiles/cmTC_54d5b.dir/CheckSymbolExists.c.o  -o cmTC_54d5b -rdynamic 
CMakeFiles/cmTC_54d5b.dir/CheckSymbolExists.c.o: 関数 `main' 内:
CheckSymbolExists.c:(.text+0x38): `pthread_create' に対する定義されていない参照です
collect2: error: ld returned 1 exit status
CMakeFiles/cmTC_54d5b.dir/build.make:97: ターゲット 'cmTC_54d5b' のレシピで失敗しました
make[1]: *** [cmTC_54d5b] エラー 1
make[1]: ディレクトリ '/home/pi/catkin_ws/build_isolated/mk/CMakeFiles/CMakeTmp' から出ます
Makefile:126: ターゲット 'cmTC_54d5b/fast' のレシピで失敗しました
make: *** [cmTC_54d5b/fast] エラー 2

File /home/pi/catkin_ws/build_isolated/mk/CMakeFiles/CMakeTmp/CheckSymbolExists.c:
/* */
#include <pthread.h>

int main(int argc, char** argv)
{
  (void)argv;
#ifndef pthread_create
  return ((int*)(&pthread_create))[argc];
#else
  (void)argc;
  return 0;
#endif
}

Determining if the function pthread_create exists in the pthreads failed with the following output:
Change Dir: /home/pi/catkin_ws/build_isolated/mk/CMakeFiles/CMakeTmp

Run Build Command:"/usr/bin/make" "cmTC_5b3f9/fast"
/usr/bin/make -f CMakeFiles/cmTC_5b3f9.dir/build.make CMakeFiles/cmTC_5b3f9.dir/build
make[1]: ディレクトリ '/home/pi/catkin_ws/build_isolated/mk/CMakeFiles/CMakeTmp' に入ります
Building C object CMakeFiles/cmTC_5b3f9.dir/CheckFunctionExists.c.o
/usr/bin/cc    -DCHECK_FUNCTION_EXISTS=pthread_create   -o CMakeFiles/cmTC_5b3f9.dir/CheckFunctionExists.c.o   -c /usr/share/cmake-3.7/Modules/CheckFunctionExists.c
Linking C executable cmTC_5b3f9
/usr/bin/cmake -E cmake_link_script CMakeFiles/cmTC_5b3f9.dir/link.txt --verbose=1
/usr/bin/cc   -DCHECK_FUNCTION_EXISTS=pthread_create    CMakeFiles/cmTC_5b3f9.dir/CheckFunctionExists.c.o  -o cmTC_5b3f9 -rdynamic -lpthreads 
/usr/bin/ld: -lpthreads が見つかりません
collect2: error: ld returned 1 exit status
CMakeFiles/cmTC_5b3f9.dir/build.make:97: ターゲット 'cmTC_5b3f9' のレシピで失敗しました
make[1]: *** [cmTC_5b3f9] エラー 1
make[1]: ディレクトリ '/home/pi/catkin_ws/build_isolated/mk/CMakeFiles/CMakeTmp' から出ます
Makefile:126: ターゲット 'cmTC_5b3f9/fast' のレシピで失敗しました
make: *** [cmTC_5b3f9/fast] エラー 2


