Determining if the pthread_create exist failed with the following output:
Change Dir: /home/pi/catkin_ws/build_isolated/roslisp/CMakeFiles/CMakeTmp

Run Build Command:"/usr/bin/make" "cmTC_b91ee/fast"
/usr/bin/make -f CMakeFiles/cmTC_b91ee.dir/build.make CMakeFiles/cmTC_b91ee.dir/build
make[1]: ディレクトリ '/home/pi/catkin_ws/build_isolated/roslisp/CMakeFiles/CMakeTmp' に入ります
Building C object CMakeFiles/cmTC_b91ee.dir/CheckSymbolExists.c.o
/usr/bin/cc     -o CMakeFiles/cmTC_b91ee.dir/CheckSymbolExists.c.o   -c /home/pi/catkin_ws/build_isolated/roslisp/CMakeFiles/CMakeTmp/CheckSymbolExists.c
Linking C executable cmTC_b91ee
/usr/bin/cmake -E cmake_link_script CMakeFiles/cmTC_b91ee.dir/link.txt --verbose=1
/usr/bin/cc       CMakeFiles/cmTC_b91ee.dir/CheckSymbolExists.c.o  -o cmTC_b91ee -rdynamic 
CMakeFiles/cmTC_b91ee.dir/CheckSymbolExists.c.o: 関数 `main' 内:
CheckSymbolExists.c:(.text+0x38): `pthread_create' に対する定義されていない参照です
collect2: error: ld returned 1 exit status
CMakeFiles/cmTC_b91ee.dir/build.make:97: ターゲット 'cmTC_b91ee' のレシピで失敗しました
make[1]: *** [cmTC_b91ee] エラー 1
make[1]: ディレクトリ '/home/pi/catkin_ws/build_isolated/roslisp/CMakeFiles/CMakeTmp' から出ます
Makefile:126: ターゲット 'cmTC_b91ee/fast' のレシピで失敗しました
make: *** [cmTC_b91ee/fast] エラー 2

File /home/pi/catkin_ws/build_isolated/roslisp/CMakeFiles/CMakeTmp/CheckSymbolExists.c:
/* */
#include <pthread.h>

int main(int argc, char** argv)
{
  (void)argv;
#ifndef pthread_create
  return ((int*)(&pthread_create))[argc];
#else
  (void)argc;
  return 0;
#endif
}

Determining if the function pthread_create exists in the pthreads failed with the following output:
Change Dir: /home/pi/catkin_ws/build_isolated/roslisp/CMakeFiles/CMakeTmp

Run Build Command:"/usr/bin/make" "cmTC_6bce1/fast"
/usr/bin/make -f CMakeFiles/cmTC_6bce1.dir/build.make CMakeFiles/cmTC_6bce1.dir/build
make[1]: ディレクトリ '/home/pi/catkin_ws/build_isolated/roslisp/CMakeFiles/CMakeTmp' に入ります
Building C object CMakeFiles/cmTC_6bce1.dir/CheckFunctionExists.c.o
/usr/bin/cc    -DCHECK_FUNCTION_EXISTS=pthread_create   -o CMakeFiles/cmTC_6bce1.dir/CheckFunctionExists.c.o   -c /usr/share/cmake-3.7/Modules/CheckFunctionExists.c
Linking C executable cmTC_6bce1
/usr/bin/cmake -E cmake_link_script CMakeFiles/cmTC_6bce1.dir/link.txt --verbose=1
/usr/bin/cc   -DCHECK_FUNCTION_EXISTS=pthread_create    CMakeFiles/cmTC_6bce1.dir/CheckFunctionExists.c.o  -o cmTC_6bce1 -rdynamic -lpthreads 
/usr/bin/ld: -lpthreads が見つかりません
collect2: error: ld returned 1 exit status
CMakeFiles/cmTC_6bce1.dir/build.make:97: ターゲット 'cmTC_6bce1' のレシピで失敗しました
make[1]: *** [cmTC_6bce1] エラー 1
make[1]: ディレクトリ '/home/pi/catkin_ws/build_isolated/roslisp/CMakeFiles/CMakeTmp' から出ます
Makefile:126: ターゲット 'cmTC_6bce1/fast' のレシピで失敗しました
make: *** [cmTC_6bce1/fast] エラー 2


