Determining if the pthread_create exist failed with the following output:
Change Dir: /home/pi/catkin_ws/build_isolated/nav_msgs/CMakeFiles/CMakeTmp

Run Build Command:"/usr/bin/make" "cmTC_91a7a/fast"
/usr/bin/make -f CMakeFiles/cmTC_91a7a.dir/build.make CMakeFiles/cmTC_91a7a.dir/build
make[1]: ディレクトリ '/home/pi/catkin_ws/build_isolated/nav_msgs/CMakeFiles/CMakeTmp' に入ります
Building C object CMakeFiles/cmTC_91a7a.dir/CheckSymbolExists.c.o
/usr/bin/cc     -o CMakeFiles/cmTC_91a7a.dir/CheckSymbolExists.c.o   -c /home/pi/catkin_ws/build_isolated/nav_msgs/CMakeFiles/CMakeTmp/CheckSymbolExists.c
Linking C executable cmTC_91a7a
/usr/bin/cmake -E cmake_link_script CMakeFiles/cmTC_91a7a.dir/link.txt --verbose=1
/usr/bin/cc       CMakeFiles/cmTC_91a7a.dir/CheckSymbolExists.c.o  -o cmTC_91a7a -rdynamic 
CMakeFiles/cmTC_91a7a.dir/CheckSymbolExists.c.o: 関数 `main' 内:
CheckSymbolExists.c:(.text+0x38): `pthread_create' に対する定義されていない参照です
collect2: error: ld returned 1 exit status
CMakeFiles/cmTC_91a7a.dir/build.make:97: ターゲット 'cmTC_91a7a' のレシピで失敗しました
make[1]: *** [cmTC_91a7a] エラー 1
make[1]: ディレクトリ '/home/pi/catkin_ws/build_isolated/nav_msgs/CMakeFiles/CMakeTmp' から出ます
Makefile:126: ターゲット 'cmTC_91a7a/fast' のレシピで失敗しました
make: *** [cmTC_91a7a/fast] エラー 2

File /home/pi/catkin_ws/build_isolated/nav_msgs/CMakeFiles/CMakeTmp/CheckSymbolExists.c:
/* */
#include <pthread.h>

int main(int argc, char** argv)
{
  (void)argv;
#ifndef pthread_create
  return ((int*)(&pthread_create))[argc];
#else
  (void)argc;
  return 0;
#endif
}

Determining if the function pthread_create exists in the pthreads failed with the following output:
Change Dir: /home/pi/catkin_ws/build_isolated/nav_msgs/CMakeFiles/CMakeTmp

Run Build Command:"/usr/bin/make" "cmTC_69a7c/fast"
/usr/bin/make -f CMakeFiles/cmTC_69a7c.dir/build.make CMakeFiles/cmTC_69a7c.dir/build
make[1]: ディレクトリ '/home/pi/catkin_ws/build_isolated/nav_msgs/CMakeFiles/CMakeTmp' に入ります
Building C object CMakeFiles/cmTC_69a7c.dir/CheckFunctionExists.c.o
/usr/bin/cc    -DCHECK_FUNCTION_EXISTS=pthread_create   -o CMakeFiles/cmTC_69a7c.dir/CheckFunctionExists.c.o   -c /usr/share/cmake-3.7/Modules/CheckFunctionExists.c
Linking C executable cmTC_69a7c
/usr/bin/cmake -E cmake_link_script CMakeFiles/cmTC_69a7c.dir/link.txt --verbose=1
/usr/bin/cc   -DCHECK_FUNCTION_EXISTS=pthread_create    CMakeFiles/cmTC_69a7c.dir/CheckFunctionExists.c.o  -o cmTC_69a7c -rdynamic -lpthreads 
/usr/bin/ld: -lpthreads が見つかりません
collect2: error: ld returned 1 exit status
CMakeFiles/cmTC_69a7c.dir/build.make:97: ターゲット 'cmTC_69a7c' のレシピで失敗しました
make[1]: *** [cmTC_69a7c] エラー 1
make[1]: ディレクトリ '/home/pi/catkin_ws/build_isolated/nav_msgs/CMakeFiles/CMakeTmp' から出ます
Makefile:126: ターゲット 'cmTC_69a7c/fast' のレシピで失敗しました
make: *** [cmTC_69a7c/fast] エラー 2


