Determining if the pthread_create exist failed with the following output:
Change Dir: /home/pi/catkin_ws/build_isolated/roscpp/CMakeFiles/CMakeTmp

Run Build Command:"/usr/bin/make" "cmTC_1a420/fast"
/usr/bin/make -f CMakeFiles/cmTC_1a420.dir/build.make CMakeFiles/cmTC_1a420.dir/build
make[1]: ディレクトリ '/home/pi/catkin_ws/build_isolated/roscpp/CMakeFiles/CMakeTmp' に入ります
Building C object CMakeFiles/cmTC_1a420.dir/CheckSymbolExists.c.o
/usr/bin/cc     -o CMakeFiles/cmTC_1a420.dir/CheckSymbolExists.c.o   -c /home/pi/catkin_ws/build_isolated/roscpp/CMakeFiles/CMakeTmp/CheckSymbolExists.c
Linking C executable cmTC_1a420
/usr/bin/cmake -E cmake_link_script CMakeFiles/cmTC_1a420.dir/link.txt --verbose=1
/usr/bin/cc       CMakeFiles/cmTC_1a420.dir/CheckSymbolExists.c.o  -o cmTC_1a420 -rdynamic 
CMakeFiles/cmTC_1a420.dir/CheckSymbolExists.c.o: 関数 `main' 内:
CheckSymbolExists.c:(.text+0x38): `pthread_create' に対する定義されていない参照です
collect2: error: ld returned 1 exit status
CMakeFiles/cmTC_1a420.dir/build.make:97: ターゲット 'cmTC_1a420' のレシピで失敗しました
make[1]: *** [cmTC_1a420] エラー 1
make[1]: ディレクトリ '/home/pi/catkin_ws/build_isolated/roscpp/CMakeFiles/CMakeTmp' から出ます
Makefile:126: ターゲット 'cmTC_1a420/fast' のレシピで失敗しました
make: *** [cmTC_1a420/fast] エラー 2

File /home/pi/catkin_ws/build_isolated/roscpp/CMakeFiles/CMakeTmp/CheckSymbolExists.c:
/* */
#include <pthread.h>

int main(int argc, char** argv)
{
  (void)argv;
#ifndef pthread_create
  return ((int*)(&pthread_create))[argc];
#else
  (void)argc;
  return 0;
#endif
}

Determining if the function pthread_create exists in the pthreads failed with the following output:
Change Dir: /home/pi/catkin_ws/build_isolated/roscpp/CMakeFiles/CMakeTmp

Run Build Command:"/usr/bin/make" "cmTC_0e2c9/fast"
/usr/bin/make -f CMakeFiles/cmTC_0e2c9.dir/build.make CMakeFiles/cmTC_0e2c9.dir/build
make[1]: ディレクトリ '/home/pi/catkin_ws/build_isolated/roscpp/CMakeFiles/CMakeTmp' に入ります
Building C object CMakeFiles/cmTC_0e2c9.dir/CheckFunctionExists.c.o
/usr/bin/cc    -DCHECK_FUNCTION_EXISTS=pthread_create   -o CMakeFiles/cmTC_0e2c9.dir/CheckFunctionExists.c.o   -c /usr/share/cmake-3.7/Modules/CheckFunctionExists.c
Linking C executable cmTC_0e2c9
/usr/bin/cmake -E cmake_link_script CMakeFiles/cmTC_0e2c9.dir/link.txt --verbose=1
/usr/bin/cc   -DCHECK_FUNCTION_EXISTS=pthread_create    CMakeFiles/cmTC_0e2c9.dir/CheckFunctionExists.c.o  -o cmTC_0e2c9 -rdynamic -lpthreads 
/usr/bin/ld: -lpthreads が見つかりません
collect2: error: ld returned 1 exit status
CMakeFiles/cmTC_0e2c9.dir/build.make:97: ターゲット 'cmTC_0e2c9' のレシピで失敗しました
make[1]: *** [cmTC_0e2c9] エラー 1
make[1]: ディレクトリ '/home/pi/catkin_ws/build_isolated/roscpp/CMakeFiles/CMakeTmp' から出ます
Makefile:126: ターゲット 'cmTC_0e2c9/fast' のレシピで失敗しました
make: *** [cmTC_0e2c9/fast] エラー 2


Determining if the function trunc exists failed with the following output:
Change Dir: /home/pi/catkin_ws/build_isolated/roscpp/CMakeFiles/CMakeTmp

Run Build Command:"/usr/bin/make" "cmTC_febd7/fast"
/usr/bin/make -f CMakeFiles/cmTC_febd7.dir/build.make CMakeFiles/cmTC_febd7.dir/build
make[1]: ディレクトリ '/home/pi/catkin_ws/build_isolated/roscpp/CMakeFiles/CMakeTmp' に入ります
Building C object CMakeFiles/cmTC_febd7.dir/CheckFunctionExists.c.o
/usr/bin/cc    -DCHECK_FUNCTION_EXISTS=trunc   -o CMakeFiles/cmTC_febd7.dir/CheckFunctionExists.c.o   -c /usr/share/cmake-3.7/Modules/CheckFunctionExists.c
<command-line>:0:23: warning: conflicting types for built-in function ‘trunc’
/usr/share/cmake-3.7/Modules/CheckFunctionExists.c:7:3: note: in expansion of macro ‘CHECK_FUNCTION_EXISTS’
   CHECK_FUNCTION_EXISTS();
   ^~~~~~~~~~~~~~~~~~~~~
Linking C executable cmTC_febd7
/usr/bin/cmake -E cmake_link_script CMakeFiles/cmTC_febd7.dir/link.txt --verbose=1
/usr/bin/cc   -DCHECK_FUNCTION_EXISTS=trunc    CMakeFiles/cmTC_febd7.dir/CheckFunctionExists.c.o  -o cmTC_febd7 -rdynamic 
CMakeFiles/cmTC_febd7.dir/CheckFunctionExists.c.o: 関数 `main' 内:
CheckFunctionExists.c:(.text+0x14): `trunc' に対する定義されていない参照です
collect2: error: ld returned 1 exit status
CMakeFiles/cmTC_febd7.dir/build.make:97: ターゲット 'cmTC_febd7' のレシピで失敗しました
make[1]: *** [cmTC_febd7] エラー 1
make[1]: ディレクトリ '/home/pi/catkin_ws/build_isolated/roscpp/CMakeFiles/CMakeTmp' から出ます
Makefile:126: ターゲット 'cmTC_febd7/fast' のレシピで失敗しました
make: *** [cmTC_febd7/fast] エラー 2


