Determining if the pthread_create exist failed with the following output:
Change Dir: /home/pi/catkin_ws/build/CMakeFiles/CMakeTmp

Run Build Command:"/usr/bin/make" "cmTC_fe5fc/fast"
/usr/bin/make -f CMakeFiles/cmTC_fe5fc.dir/build.make CMakeFiles/cmTC_fe5fc.dir/build
make[1]: ディレクトリ '/home/pi/catkin_ws/build/CMakeFiles/CMakeTmp' に入ります
Building C object CMakeFiles/cmTC_fe5fc.dir/CheckSymbolExists.c.o
/usr/bin/cc     -o CMakeFiles/cmTC_fe5fc.dir/CheckSymbolExists.c.o   -c /home/pi/catkin_ws/build/CMakeFiles/CMakeTmp/CheckSymbolExists.c
Linking C executable cmTC_fe5fc
/usr/bin/cmake -E cmake_link_script CMakeFiles/cmTC_fe5fc.dir/link.txt --verbose=1
/usr/bin/cc       CMakeFiles/cmTC_fe5fc.dir/CheckSymbolExists.c.o  -o cmTC_fe5fc -rdynamic 
CMakeFiles/cmTC_fe5fc.dir/CheckSymbolExists.c.o: 関数 `main' 内:
CheckSymbolExists.c:(.text+0x38): `pthread_create' に対する定義されていない参照です
collect2: error: ld returned 1 exit status
CMakeFiles/cmTC_fe5fc.dir/build.make:97: ターゲット 'cmTC_fe5fc' のレシピで失敗しました
make[1]: *** [cmTC_fe5fc] エラー 1
make[1]: ディレクトリ '/home/pi/catkin_ws/build/CMakeFiles/CMakeTmp' から出ます
Makefile:126: ターゲット 'cmTC_fe5fc/fast' のレシピで失敗しました
make: *** [cmTC_fe5fc/fast] エラー 2

File /home/pi/catkin_ws/build/CMakeFiles/CMakeTmp/CheckSymbolExists.c:
/* */
#include <pthread.h>

int main(int argc, char** argv)
{
  (void)argv;
#ifndef pthread_create
  return ((int*)(&pthread_create))[argc];
#else
  (void)argc;
  return 0;
#endif
}

Determining if the function pthread_create exists in the pthreads failed with the following output:
Change Dir: /home/pi/catkin_ws/build/CMakeFiles/CMakeTmp

Run Build Command:"/usr/bin/make" "cmTC_ede12/fast"
/usr/bin/make -f CMakeFiles/cmTC_ede12.dir/build.make CMakeFiles/cmTC_ede12.dir/build
make[1]: ディレクトリ '/home/pi/catkin_ws/build/CMakeFiles/CMakeTmp' に入ります
Building C object CMakeFiles/cmTC_ede12.dir/CheckFunctionExists.c.o
/usr/bin/cc    -DCHECK_FUNCTION_EXISTS=pthread_create   -o CMakeFiles/cmTC_ede12.dir/CheckFunctionExists.c.o   -c /usr/share/cmake-3.7/Modules/CheckFunctionExists.c
Linking C executable cmTC_ede12
/usr/bin/cmake -E cmake_link_script CMakeFiles/cmTC_ede12.dir/link.txt --verbose=1
/usr/bin/cc   -DCHECK_FUNCTION_EXISTS=pthread_create    CMakeFiles/cmTC_ede12.dir/CheckFunctionExists.c.o  -o cmTC_ede12 -rdynamic -lpthreads 
/usr/bin/ld: -lpthreads が見つかりません
collect2: error: ld returned 1 exit status
CMakeFiles/cmTC_ede12.dir/build.make:97: ターゲット 'cmTC_ede12' のレシピで失敗しました
make[1]: *** [cmTC_ede12] エラー 1
make[1]: ディレクトリ '/home/pi/catkin_ws/build/CMakeFiles/CMakeTmp' から出ます
Makefile:126: ターゲット 'cmTC_ede12/fast' のレシピで失敗しました
make: *** [cmTC_ede12/fast] エラー 2


Performing C++ SOURCE FILE Test HAVE_CXXABI_H failed with the following output:
Change Dir: /home/pi/catkin_ws/build/CMakeFiles/CMakeTmp

Run Build Command:"/usr/bin/make" "cmTC_d986d/fast"
/usr/bin/make -f CMakeFiles/cmTC_d986d.dir/build.make CMakeFiles/cmTC_d986d.dir/build
make[1]: ディレクトリ '/home/pi/catkin_ws/build/CMakeFiles/CMakeTmp' に入ります
Building CXX object CMakeFiles/cmTC_d986d.dir/src.cxx.o
/usr/bin/c++     -DHAVE_CXXABI_H   -o CMakeFiles/cmTC_d986d.dir/src.cxx.o -c /home/pi/catkin_ws/build/CMakeFiles/CMakeTmp/src.cxx
/home/pi/catkin_ws/build/CMakeFiles/CMakeTmp/src.cxx:2:8: error: expected constructor, destructor, or type conversion before ‘(’ token
 intmain(intargc,char**argv){}
        ^
CMakeFiles/cmTC_d986d.dir/build.make:65: ターゲット 'CMakeFiles/cmTC_d986d.dir/src.cxx.o' のレシピで失敗しました
make[1]: *** [CMakeFiles/cmTC_d986d.dir/src.cxx.o] エラー 1
make[1]: ディレクトリ '/home/pi/catkin_ws/build/CMakeFiles/CMakeTmp' から出ます
Makefile:126: ターゲット 'cmTC_d986d/fast' のレシピで失敗しました
make: *** [cmTC_d986d/fast] エラー 2

Source file was:
#include<cxxabi.h>
intmain(intargc,char**argv){}
Determining if the function trunc exists failed with the following output:
Change Dir: /home/pi/catkin_ws/build/CMakeFiles/CMakeTmp

Run Build Command:"/usr/bin/make" "cmTC_6b19f/fast"
/usr/bin/make -f CMakeFiles/cmTC_6b19f.dir/build.make CMakeFiles/cmTC_6b19f.dir/build
make[1]: ディレクトリ '/home/pi/catkin_ws/build/CMakeFiles/CMakeTmp' に入ります
Building C object CMakeFiles/cmTC_6b19f.dir/CheckFunctionExists.c.o
/usr/bin/cc    -DCHECK_FUNCTION_EXISTS=trunc   -o CMakeFiles/cmTC_6b19f.dir/CheckFunctionExists.c.o   -c /usr/share/cmake-3.7/Modules/CheckFunctionExists.c
<command-line>:0:23: warning: conflicting types for built-in function ‘trunc’
/usr/share/cmake-3.7/Modules/CheckFunctionExists.c:7:3: note: in expansion of macro ‘CHECK_FUNCTION_EXISTS’
   CHECK_FUNCTION_EXISTS();
   ^~~~~~~~~~~~~~~~~~~~~
Linking C executable cmTC_6b19f
/usr/bin/cmake -E cmake_link_script CMakeFiles/cmTC_6b19f.dir/link.txt --verbose=1
/usr/bin/cc   -DCHECK_FUNCTION_EXISTS=trunc    CMakeFiles/cmTC_6b19f.dir/CheckFunctionExists.c.o  -o cmTC_6b19f -rdynamic 
CMakeFiles/cmTC_6b19f.dir/CheckFunctionExists.c.o: 関数 `main' 内:
CheckFunctionExists.c:(.text+0x14): `trunc' に対する定義されていない参照です
collect2: error: ld returned 1 exit status
CMakeFiles/cmTC_6b19f.dir/build.make:97: ターゲット 'cmTC_6b19f' のレシピで失敗しました
make[1]: *** [cmTC_6b19f] エラー 1
make[1]: ディレクトリ '/home/pi/catkin_ws/build/CMakeFiles/CMakeTmp' から出ます
Makefile:126: ターゲット 'cmTC_6b19f/fast' のレシピで失敗しました
make: *** [cmTC_6b19f/fast] エラー 2


