Determining if the pthread_create exist failed with the following output:
Change Dir: /home/pi/catkin_ws/build_isolated/rosout/CMakeFiles/CMakeTmp

Run Build Command:"/usr/bin/make" "cmTC_68180/fast"
/usr/bin/make -f CMakeFiles/cmTC_68180.dir/build.make CMakeFiles/cmTC_68180.dir/build
make[1]: ディレクトリ '/home/pi/catkin_ws/build_isolated/rosout/CMakeFiles/CMakeTmp' に入ります
Building C object CMakeFiles/cmTC_68180.dir/CheckSymbolExists.c.o
/usr/bin/cc     -o CMakeFiles/cmTC_68180.dir/CheckSymbolExists.c.o   -c /home/pi/catkin_ws/build_isolated/rosout/CMakeFiles/CMakeTmp/CheckSymbolExists.c
Linking C executable cmTC_68180
/usr/bin/cmake -E cmake_link_script CMakeFiles/cmTC_68180.dir/link.txt --verbose=1
/usr/bin/cc       CMakeFiles/cmTC_68180.dir/CheckSymbolExists.c.o  -o cmTC_68180 -rdynamic 
CMakeFiles/cmTC_68180.dir/CheckSymbolExists.c.o: 関数 `main' 内:
CheckSymbolExists.c:(.text+0x38): `pthread_create' に対する定義されていない参照です
collect2: error: ld returned 1 exit status
CMakeFiles/cmTC_68180.dir/build.make:97: ターゲット 'cmTC_68180' のレシピで失敗しました
make[1]: *** [cmTC_68180] エラー 1
make[1]: ディレクトリ '/home/pi/catkin_ws/build_isolated/rosout/CMakeFiles/CMakeTmp' から出ます
Makefile:126: ターゲット 'cmTC_68180/fast' のレシピで失敗しました
make: *** [cmTC_68180/fast] エラー 2

File /home/pi/catkin_ws/build_isolated/rosout/CMakeFiles/CMakeTmp/CheckSymbolExists.c:
/* */
#include <pthread.h>

int main(int argc, char** argv)
{
  (void)argv;
#ifndef pthread_create
  return ((int*)(&pthread_create))[argc];
#else
  (void)argc;
  return 0;
#endif
}

Determining if the function pthread_create exists in the pthreads failed with the following output:
Change Dir: /home/pi/catkin_ws/build_isolated/rosout/CMakeFiles/CMakeTmp

Run Build Command:"/usr/bin/make" "cmTC_1c445/fast"
/usr/bin/make -f CMakeFiles/cmTC_1c445.dir/build.make CMakeFiles/cmTC_1c445.dir/build
make[1]: ディレクトリ '/home/pi/catkin_ws/build_isolated/rosout/CMakeFiles/CMakeTmp' に入ります
Building C object CMakeFiles/cmTC_1c445.dir/CheckFunctionExists.c.o
/usr/bin/cc    -DCHECK_FUNCTION_EXISTS=pthread_create   -o CMakeFiles/cmTC_1c445.dir/CheckFunctionExists.c.o   -c /usr/share/cmake-3.7/Modules/CheckFunctionExists.c
Linking C executable cmTC_1c445
/usr/bin/cmake -E cmake_link_script CMakeFiles/cmTC_1c445.dir/link.txt --verbose=1
/usr/bin/cc   -DCHECK_FUNCTION_EXISTS=pthread_create    CMakeFiles/cmTC_1c445.dir/CheckFunctionExists.c.o  -o cmTC_1c445 -rdynamic -lpthreads 
/usr/bin/ld: -lpthreads が見つかりません
collect2: error: ld returned 1 exit status
CMakeFiles/cmTC_1c445.dir/build.make:97: ターゲット 'cmTC_1c445' のレシピで失敗しました
make[1]: *** [cmTC_1c445] エラー 1
make[1]: ディレクトリ '/home/pi/catkin_ws/build_isolated/rosout/CMakeFiles/CMakeTmp' から出ます
Makefile:126: ターゲット 'cmTC_1c445/fast' のレシピで失敗しました
make: *** [cmTC_1c445/fast] エラー 2


