Determining if the pthread_create exist failed with the following output:
Change Dir: /home/pi/catkin_ws/build_isolated/cpp_common/CMakeFiles/CMakeTmp

Run Build Command:"/usr/bin/make" "cmTC_2cfe9/fast"
/usr/bin/make -f CMakeFiles/cmTC_2cfe9.dir/build.make CMakeFiles/cmTC_2cfe9.dir/build
make[1]: ディレクトリ '/home/pi/catkin_ws/build_isolated/cpp_common/CMakeFiles/CMakeTmp' に入ります
Building C object CMakeFiles/cmTC_2cfe9.dir/CheckSymbolExists.c.o
/usr/bin/cc     -o CMakeFiles/cmTC_2cfe9.dir/CheckSymbolExists.c.o   -c /home/pi/catkin_ws/build_isolated/cpp_common/CMakeFiles/CMakeTmp/CheckSymbolExists.c
Linking C executable cmTC_2cfe9
/usr/bin/cmake -E cmake_link_script CMakeFiles/cmTC_2cfe9.dir/link.txt --verbose=1
/usr/bin/cc       CMakeFiles/cmTC_2cfe9.dir/CheckSymbolExists.c.o  -o cmTC_2cfe9 -rdynamic 
CMakeFiles/cmTC_2cfe9.dir/CheckSymbolExists.c.o: 関数 `main' 内:
CheckSymbolExists.c:(.text+0x38): `pthread_create' に対する定義されていない参照です
collect2: error: ld returned 1 exit status
CMakeFiles/cmTC_2cfe9.dir/build.make:97: ターゲット 'cmTC_2cfe9' のレシピで失敗しました
make[1]: *** [cmTC_2cfe9] エラー 1
make[1]: ディレクトリ '/home/pi/catkin_ws/build_isolated/cpp_common/CMakeFiles/CMakeTmp' から出ます
Makefile:126: ターゲット 'cmTC_2cfe9/fast' のレシピで失敗しました
make: *** [cmTC_2cfe9/fast] エラー 2

File /home/pi/catkin_ws/build_isolated/cpp_common/CMakeFiles/CMakeTmp/CheckSymbolExists.c:
/* */
#include <pthread.h>

int main(int argc, char** argv)
{
  (void)argv;
#ifndef pthread_create
  return ((int*)(&pthread_create))[argc];
#else
  (void)argc;
  return 0;
#endif
}

Determining if the function pthread_create exists in the pthreads failed with the following output:
Change Dir: /home/pi/catkin_ws/build_isolated/cpp_common/CMakeFiles/CMakeTmp

Run Build Command:"/usr/bin/make" "cmTC_b01b6/fast"
/usr/bin/make -f CMakeFiles/cmTC_b01b6.dir/build.make CMakeFiles/cmTC_b01b6.dir/build
make[1]: ディレクトリ '/home/pi/catkin_ws/build_isolated/cpp_common/CMakeFiles/CMakeTmp' に入ります
Building C object CMakeFiles/cmTC_b01b6.dir/CheckFunctionExists.c.o
/usr/bin/cc    -DCHECK_FUNCTION_EXISTS=pthread_create   -o CMakeFiles/cmTC_b01b6.dir/CheckFunctionExists.c.o   -c /usr/share/cmake-3.7/Modules/CheckFunctionExists.c
Linking C executable cmTC_b01b6
/usr/bin/cmake -E cmake_link_script CMakeFiles/cmTC_b01b6.dir/link.txt --verbose=1
/usr/bin/cc   -DCHECK_FUNCTION_EXISTS=pthread_create    CMakeFiles/cmTC_b01b6.dir/CheckFunctionExists.c.o  -o cmTC_b01b6 -rdynamic -lpthreads 
/usr/bin/ld: -lpthreads が見つかりません
collect2: error: ld returned 1 exit status
CMakeFiles/cmTC_b01b6.dir/build.make:97: ターゲット 'cmTC_b01b6' のレシピで失敗しました
make[1]: *** [cmTC_b01b6] エラー 1
make[1]: ディレクトリ '/home/pi/catkin_ws/build_isolated/cpp_common/CMakeFiles/CMakeTmp' から出ます
Makefile:126: ターゲット 'cmTC_b01b6/fast' のレシピで失敗しました
make: *** [cmTC_b01b6/fast] エラー 2


Performing C++ SOURCE FILE Test HAVE_CXXABI_H failed with the following output:
Change Dir: /home/pi/catkin_ws/build_isolated/cpp_common/CMakeFiles/CMakeTmp

Run Build Command:"/usr/bin/make" "cmTC_e6a7d/fast"
/usr/bin/make -f CMakeFiles/cmTC_e6a7d.dir/build.make CMakeFiles/cmTC_e6a7d.dir/build
make[1]: ディレクトリ '/home/pi/catkin_ws/build_isolated/cpp_common/CMakeFiles/CMakeTmp' に入ります
Building CXX object CMakeFiles/cmTC_e6a7d.dir/src.cxx.o
/usr/bin/c++     -DHAVE_CXXABI_H   -o CMakeFiles/cmTC_e6a7d.dir/src.cxx.o -c /home/pi/catkin_ws/build_isolated/cpp_common/CMakeFiles/CMakeTmp/src.cxx
/home/pi/catkin_ws/build_isolated/cpp_common/CMakeFiles/CMakeTmp/src.cxx:2:8: error: expected constructor, destructor, or type conversion before ‘(’ token
 intmain(intargc,char**argv){}
        ^
CMakeFiles/cmTC_e6a7d.dir/build.make:65: ターゲット 'CMakeFiles/cmTC_e6a7d.dir/src.cxx.o' のレシピで失敗しました
make[1]: *** [CMakeFiles/cmTC_e6a7d.dir/src.cxx.o] エラー 1
make[1]: ディレクトリ '/home/pi/catkin_ws/build_isolated/cpp_common/CMakeFiles/CMakeTmp' から出ます
Makefile:126: ターゲット 'cmTC_e6a7d/fast' のレシピで失敗しました
make: *** [cmTC_e6a7d/fast] エラー 2

Source file was:
#include<cxxabi.h>
intmain(intargc,char**argv){}
